Operation            Table               Prev Value            New Value                Column Name                    TimeStamp                    user
                                                     ***** START Transaction  *****                                2021-08-03_16:16:06             mueed@gmail.com
                                                     ***** START Transaction  *****                                2021-08-03_16:16:06             mueed@gmail.com
ALTER RENAME         people               dob                  age                            dob                  2021-08-03_16:16:06            mueed@gmail.com
                                                     ***** COMMIT Transaction  *****                               2021-08-03_16:16:06             mueed@gmail.com
                                                     ***** START Transaction  *****                                2021-08-03_16:47:31             mueed@gmail.com   
                                                     ***** START Transaction  *****                                2021-08-03_16:47:31             mueed@gmail.com   
ALTER RENAME         people               name                 newname                        name                 2021-08-03_16:47:31            mueed@gmail.com     
                                                     ***** COMMIT Transaction  *****                               2021-08-03_16:47:31             mueed@gmail.com   
                                                     ***** COMMIT Transaction  *****                               2021-08-03_16:47:31             mueed@gmail.com   
INSERT               people                                    [jainesh, 3, 23]                                    2021-08-03_16:51:25            mueed@gmail.com     
                                                     ***** START Transaction  *****                                2021-08-03_16:55:08             mueed@gmail.com   
                                                     ***** START Transaction  *****                                2021-08-03_16:58:10             mueed@gmail.com   
                                                     ***** START Transaction  *****                                2021-08-03_17:00:10             mueed@gmail.com   
                                                     ***** START Transaction  *****                                2021-08-03_17:05:32             mueed@gmail.com   
                                                     ***** START Transaction  *****                                2021-08-03_17:06:38             mueed@gmail.com   
INSERT               people                                    [abc, 2, 21]                                        2021-08-03_17:07:11            mueed@gmail.com     
                                                     ***** START Transaction  *****                                2021-08-03_17:09:21             mueed@gmail.com   
                                                     ***** START Transaction  *****                                2021-08-03_17:13:34             mueed@gmail.com   
                                                     ***** START Transaction  *****                                2021-08-03_17:17:46             mueed@gmail.com   
INSERT               people                                    [abc, 2, 22]                                        2021-08-03_17:18:13            mueed@gmail.com     
INSERT               people                                    [abc1, 3, 24]                                       2021-08-03_17:18:27            mueed@gmail.com     
                                                     ***** ROLLBACK Transaction  *****                             2021-08-03_17:18:44             mueed@gmail.com   
INSERT               Persons                                   [1, lname, fname, add, city]                        2021-08-03_09:55:35            admin@email.com     
SELECT               Persons                                   [[1, lname, fname, add, city]]                      2021-08-03_09:55:57            admin@email.com     
INSERT               Persons                                   [2, lname, fname, add, city]                        2021-08-03_09:56:52            admin@email.com     
SELECT               Persons                                   [[1, lname, fname, add, city], [2, lname, fname, add, city]]                      2021-08-03_09:56:58            admin@email.com     
UPDATE               Persons              [1, bob, fname, add, city] [1, bob, fname, add, city]                          2021-08-03_09:59:04            admin@email.com     
SELECT               Persons                                   [[1, bob, fname, add, city], [2, lname, fname, add, city]]                      2021-08-03_09:59:10            admin@email.com     
INSERT               Orders                                    [1, 111, 1]                                         2021-08-03_10:05:38            admin@email.com     
SELECT               Orders                                    [[1, 111, 1]]                                       2021-08-03_10:06:00            admin@email.com     
SELECT               Persons                                   [[1, bob, fname, add, city], [2, lname, fname, add, city]]                      2021-08-03_10:08:13            admin@email.com     
INSERT               Persons                                   [3, Bob, Marly, SomeStreet, Halifax]                      2021-08-03_10:16:57            admin@email.com     
SELECT               Persons                                   [[1, bob, fname, add, city], [2, lname, fname, add, city], [3, Bob, Marly, SomeStreet, Halifax]]                      2021-08-03_10:17:08            admin@email.com     
SELECT               Persons                                   [[bob, fname], [lname, fname], [Bob, Marly]]                      2021-08-03_10:17:27            admin@email.com     
                                                     ***** START Transaction  *****                                2021-08-03_10:19:02             admin@email.com   
INSERT               Persons                                   [3, Bob, Marly, SomeStreet, Halifax]                      2021-08-03_10:19:14            admin@email.com     
INSERT               Persons                                   [4, Bob, Marly, SomeStreet, Halifaxxxx]                      2021-08-03_10:19:25            admin@email.com     
                                                     ***** COMMIT Transaction  *****                               2021-08-03_10:19:39             admin@email.com   
INSERT               Persons                                   [5, John, Legend, California, California]                      2021-08-03_10:26:27            admin@email.com     
SELECT               Persons                                   [[1, bob, fname, add, city], [2, lname, fname, add, city3], [3, Bob, Marly, SomeStreet, Halifax], [4, Bob, Marly, SomeStreet, Halifaxxxx], [5, John, Legend, California, California]]                      2021-08-03_10:26:48            admin@email.com     
INSERT               Persons                                   [6, Avril, L, NewYork, NewYork]                      2021-08-03_10:27:31            admin@email.com     
SELECT               Persons                                   [[1, bob, fname, add, city], [2, lname, fname, add, city3], [3, Bob, Marly, SomeStreet, Halifax], [4, Bob, Marly, SomeStreet, Halifaxxxx], [5, John, Legend, California, California], [6, Avril, L, NewYork, NewYork]]                      2021-08-03_10:27:41            admin@email.com     
INSERT               Orders                                    [2, 1111, 5]                                        2021-08-03_10:28:46            admin@email.com     
SELECT               Orders                                    [[1, 111, 1], [2, 1111, 5]]                         2021-08-03_10:28:53            admin@email.com     
SELECT               Orders                                    [[1], [2]]                                          2021-08-03_10:30:49            admin@email.com     
SELECT               Orders                                    [[1], [2]]                                          2021-08-03_10:31:06            admin@email.com     
INSERT               Persons                                   [7, Peter, Parker, ParkerSt, London]                      2021-08-03_10:36:03            admin@email.com     
SELECT               Persons                                   [[1, bob, fname, add, city], [2, lname, fname, add, city3], [3, Bob, Marly, SomeStreet, Halifax], [4, Bob, Marly, SomeStreet, Halifaxxxx], [5, John, Legend, California, California], [6, Avril, L, NewYork, NewYork], [7, Peter, Parker, ParkerSt, London]]                      2021-08-03_10:36:11            admin@email.com     
INSERT               Persons                                   [8, Jack, Jack, London, London]                      2021-08-03_10:37:32            admin@email.com     
SELECT               Persons                                   [[1, bob, fname, add, city], [2, lname, fname, add, city3], [3, Bob, Marly, SomeStreet, Halifax], [4, Bob, Marly, SomeStreet, Halifaxxxx], [5, John, Legend, California, California], [6, Avril, L, NewYork, NewYork], [7, Peter, Parker, ParkerSt, London], [8, Jack, Jack, London, London]]                      2021-08-03_10:37:41            admin@email.com     
SELECT               Persons                                   [[7, Peter, Parker, ParkerSt, London], [8, Jack, Jack, London, London]]                      2021-08-03_10:38:44            admin@email.com     
SELECT               Persons                                   [[bob, fname], [lname, fname], [Bob, Marly], [Bob, Marly], [John, Legend], [Avril, L], [Peter, Parker], [Jack, Jack]]                      2021-08-03_10:39:10            admin@email.com     
SELECT               Persons                                   [[1, bob, fname, add, city], [2, lname, fname, add, city3], [3, Bob, Marly, SomeStreet, Halifax], [4, Bob, Marly, SomeStreet, Halifaxxxx], [5, John, Legend, California, California], [6, Avril, L, NewYork, NewYork], [7, Peter, Parker, ParkerSt, London], [8, Jack, Jack, London, London]]                      2021-08-03_10:40:49            admin@email.com     
UPDATE               Persons              [8, Jack, Jack, LondonSt, London] [8, Jack, Jack, LondonSt, London]                      2021-08-03_10:41:12            admin@email.com     
SELECT               Persons                                   [[1, bob, fname, add, city], [2, lname, fname, add, city3], [3, Bob, Marly, SomeStreet, Halifax], [4, Bob, Marly, SomeStreet, Halifaxxxx], [5, John, Legend, California, California], [6, Avril, L, NewYork, NewYork], [7, Peter, Parker, ParkerSt, London], [8, Jack, Jack, LondonSt, London]]                      2021-08-03_10:41:23            admin@email.com     
DELETE               Persons              [4, Bob, Marly, SomeStreet, Halifaxxxx]                                                     2021-08-03_10:42:37            admin@email.com     
SELECT               Persons                                   [[1, bob, fname, add, city], [2, lname, fname, add, city3], [3, Bob, Marly, SomeStreet, Halifax], [4, Bob, Marly, SomeStreet, Halifaxxxx], [5, John, Legend, California, California], [6, Avril, L, NewYork, NewYork], [7, Peter, Parker, ParkerSt, London], [8, Jack, Jack, LondonSt, London]]                      2021-08-03_10:42:47            admin@email.com     
                                                     ***** START Transaction  *****                                2021-08-03_10:43:12             admin@email.com   
SELECT               Orders                                    [[1, 111, 1], [2, 1111, 5]]                         2021-08-03_10:43:28            admin@email.com     
SELECT               Persons                                   [[1, bob, fname, add, city], [2, lname, fname, add, city3], [3, Bob, Marly, SomeStreet, Halifax], [4, Bob, Marly, SomeStreet, Halifaxxxx], [5, John, Legend, California, California], [6, Avril, L, NewYork, NewYork], [7, Peter, Parker, ParkerSt, London], [8, Jack, Jack, LondonSt, London]]                      2021-08-03_10:43:40            admin@email.com     
INSERT               Persons                                   [9, Jim, JIm, Halifax, Halifax]                      2021-08-03_10:44:13            admin@email.com     
SELECT               Persons                                   [[1, bob, fname, add, city], [2, lname, fname, add, city3], [3, Bob, Marly, SomeStreet, Halifax], [4, Bob, Marly, SomeStreet, Halifaxxxx], [5, John, Legend, California, California], [6, Avril, L, NewYork, NewYork], [7, Peter, Parker, ParkerSt, London], [8, Jack, Jack, LondonSt, London], [9, Jim, JIm, Halifax, Halifax]]                      2021-08-03_10:44:22            admin@email.com     
UPDATE               Persons              [9, Jill, JIm, Halifax, Halifax] [9, Jill, JIm, Halifax, Halifax]                      2021-08-03_10:45:20            admin@email.com     
SELECT               Persons                                   [[1, bob, fname, add, city], [2, lname, fname, add, city3], [3, Bob, Marly, SomeStreet, Halifax], [4, Bob, Marly, SomeStreet, Halifaxxxx], [5, John, Legend, California, California], [6, Avril, L, NewYork, NewYork], [7, Peter, Parker, ParkerSt, London], [8, Jack, Jack, LondonSt, London], [9, Jill, JIm, Halifax, Halifax]]                      2021-08-03_10:45:30            admin@email.com     
                                                     ***** ROLLBACK Transaction  *****                             2021-08-03_10:45:44             admin@email.com   
SELECT               Persons                                   [[1, bob, fname, add, city], [2, lname, fname, add, city3], [3, Bob, Marly, SomeStreet, Halifax], [4, Bob, Marly, SomeStreet, Halifaxxxx], [5, John, Legend, California, California], [6, Avril, L, NewYork, NewYork], [7, Peter, Parker, ParkerSt, London], [8, Jack, Jack, LondonSt, London]]                      2021-08-03_10:45:57            admin@email.com     
                                                     ***** START Transaction  *****                                2021-08-03_10:46:15             admin@email.com   
INSERT               Persons                                   [9, Jim, JIm, Halifax, Halifax]                      2021-08-03_10:46:30            admin@email.com     
SELECT               Persons                                   [[1, bob, fname, add, city], [2, lname, fname, add, city3], [3, Bob, Marly, SomeStreet, Halifax], [4, Bob, Marly, SomeStreet, Halifaxxxx], [5, John, Legend, California, California], [6, Avril, L, NewYork, NewYork], [7, Peter, Parker, ParkerSt, London], [8, Jack, Jack, LondonSt, London], [9, Jim, JIm, Halifax, Halifax]]                      2021-08-03_10:46:36            admin@email.com     
UPDATE               Persons              [8, Jill, Jack, LondonSt, London] [8, Jill, Jack, LondonSt, London]                      2021-08-03_10:46:54            admin@email.com     
SELECT               Persons                                   [[1, bob, fname, add, city], [2, lname, fname, add, city3], [3, Bob, Marly, SomeStreet, Halifax], [4, Bob, Marly, SomeStreet, Halifaxxxx], [5, John, Legend, California, California], [6, Avril, L, NewYork, NewYork], [7, Peter, Parker, ParkerSt, London], [8, Jill, Jack, LondonSt, London], [9, Jim, JIm, Halifax, Halifax]]                      2021-08-03_10:47:02            admin@email.com     
                                                     ***** COMMIT Transaction  *****                               2021-08-03_10:47:11             admin@email.com   
SELECT               Persons                                   [[1, bob, fname, add, city], [2, lname, fname, add, city3], [3, Bob, Marly, SomeStreet, Halifax], [4, Bob, Marly, SomeStreet, Halifaxxxx], [5, John, Legend, California, California], [6, Avril, L, NewYork, NewYork], [7, Peter, Parker, ParkerSt, London], [8, Jill, Jack, LondonSt, London], [9, Jim, JIm, Halifax, Halifax]]                      2021-08-03_10:47:24            admin@email.com     
SELECT               Orders                                    [[1, 111, 1], [2, 1111, 5]]                         2021-08-03_10:47:57            admin@email.com     
DELETE               Persons              [9, Jim, JIm, Halifax, Halifax]                                                     2021-08-03_10:51:17            admin@email.com     
SELECT               Persons                                   [[1, bob, fname, add, city], [2, lname, fname, add, city3], [3, Bob, Marly, SomeStreet, Halifax], [4, Bob, Marly, SomeStreet, Halifaxxxx], [5, John, Legend, California, California], [6, Avril, L, NewYork, NewYork], [7, Peter, Parker, ParkerSt, London], [8, Jill, Jack, LondonSt, London], [9, Jim, JIm, Halifax, Halifax]]                      2021-08-03_10:51:24            admin@email.com     
